<?xml version="1.0" encoding="UTF-8"?>
<!-- Generated by org.testng.reporters.JUnitReportReporter -->
<testsuite hostname="INBGQT-LT-0429" name="com.quali.practpack.Login" tests="1" failures="0" timestamp="4 Dec 2018 10:09:41 GMT" time="16.234" errors="0">
  <testcase name="log" time="16.234" classname="com.quali.practpack.Login"/>
</testsuite> <!-- com.quali.practpack.Login -->
