<?xml version="1.0" encoding="UTF-8"?>
<!-- Generated by org.testng.reporters.JUnitReportReporter -->
<testsuite hostname="INBGQT-LT-0429" name="com.quali.practpack.Verify" tests="1" failures="0" timestamp="4 Dec 2018 10:15:34 GMT" time="13.286" errors="0">
  <testcase name="loggedVerify" time="13.286" classname="com.quali.practpack.Verify"/>
</testsuite> <!-- com.quali.practpack.Verify -->
